Flow report for pill
Thu May 25 10:40:02 2023
Quartus II Version 9.1 Build 222 10/21/2009 SJ Full Version


---------------------
; Table of Contents ;
---------------------
  1. Legal Notice
  2. Flow Summary
  3. Flow Settings
  4. Flow Non-Default Global Settings
  5. Flow Elapsed Time
  6. Flow OS Summary
  7. Flow Log



----------------
; Legal Notice ;
----------------
Copyright (C) 1991-2009 Altera Corporation
Your use of Altera Corporation's design tools, logic functions 
and other software and tools, and its AMPP partner logic 
functions, and any output files from any of the foregoing 
(including device programming or simulation files), and any 
associated documentation or information are expressly subject 
to the terms and conditions of the Altera Program License 
Subscription Agreement, Altera MegaCore Function License 
Agreement, or other applicable license agreement, including, 
without limitation, that your use is for the sole purpose of 
programming logic devices manufactured by Altera and sold by 
Altera or its authorized distributors.  Please refer to the 
applicable agreement for further details.



+--------------------------------------------------------------------+
; Flow Summary                                                       ;
+-------------------------+------------------------------------------+
; Flow Status             ; Successful - Thu May 25 10:40:02 2023    ;
; Quartus II Version      ; 9.1 Build 222 10/21/2009 SJ Full Version ;
; Revision Name           ; pill                                     ;
; Top-level Entity Name   ; pill                                     ;
; Family                  ; MAX7000S                                 ;
; Device                  ; EPM7128SLC84-15                          ;
; Timing Models           ; Final                                    ;
; Met timing requirements ; Yes                                      ;
; Total macrocells        ; 99 / 128 ( 77 % )                        ;
; Total pins              ; 42 / 68 ( 62 % )                         ;
+-------------------------+------------------------------------------+


+-----------------------------------------+
; Flow Settings                           ;
+-------------------+---------------------+
; Option            ; Setting             ;
+-------------------+---------------------+
; Start date & time ; 05/25/2023 10:39:58 ;
; Main task         ; Compilation         ;
; Revision Name     ; pill                ;
+-------------------+---------------------+


+--------------------------------------------------------------------------------------------------------------------------------------------------------+
; Flow Non-Default Global Settings                                                                                                                       ;
+------------------------------------+--------------------------------------------------------------------+---------------+-------------+----------------+
; Assignment Name                    ; Value                                                              ; Default Value ; Entity Name ; Section Id     ;
+------------------------------------+--------------------------------------------------------------------+---------------+-------------+----------------+
; COMPILER_SIGNATURE_ID              ; 2200299517014.168498239802620                                      ; --            ; --          ; --             ;
; MAX_CORE_JUNCTION_TEMP             ; 85                                                                 ; --            ; --          ; --             ;
; MIN_CORE_JUNCTION_TEMP             ; 0                                                                  ; --            ; --          ; --             ;
; MISC_FILE                          ; C:/Users/Administrator/Desktop/pill/pill.dpf                       ; --            ; --          ; --             ;
; MISC_FILE                          ; D:/Users/SteveZL/Desktop/数字逻辑课程设计/pill-4.7/pill.dpf        ; --            ; --          ; --             ;
; MISC_FILE                          ; D:/Users/SteveZL/Desktop/大二下/数字逻辑课程设计/pill-4.7/pill.dpf ; --            ; --          ; --             ;
; MISC_FILE                          ; D:/Users/SteveZL/Desktop/pill/pill.dpf                             ; --            ; --          ; --             ;
; USE_GENERATED_PHYSICAL_CONSTRAINTS ; Off                                                                ; --            ; --          ; eda_blast_fpga ;
+------------------------------------+--------------------------------------------------------------------+---------------+-------------+----------------+


+-----------------------------------------------------------------------------------------------------------------------------+
; Flow Elapsed Time                                                                                                           ;
+-------------------------+--------------+-------------------------+---------------------+------------------------------------+
; Module Name             ; Elapsed Time ; Average Processors Used ; Peak Virtual Memory ; Total CPU Time (on all processors) ;
+-------------------------+--------------+-------------------------+---------------------+------------------------------------+
; Analysis & Synthesis    ; 00:00:03     ; 1.0                     ; 229 MB              ; 00:00:02                           ;
; Fitter                  ; 00:00:01     ; 1.0                     ; 181 MB              ; 00:00:00                           ;
; Assembler               ; 00:00:00     ; 1.0                     ; 182 MB              ; 00:00:00                           ;
; Classic Timing Analyzer ; 00:00:00     ; 1.0                     ; 155 MB              ; 00:00:00                           ;
; Total                   ; 00:00:04     ; --                      ; --                  ; 00:00:02                           ;
+-------------------------+--------------+-------------------------+---------------------+------------------------------------+


+------------------------------------------------------------------------------------------+
; Flow OS Summary                                                                          ;
+-------------------------+------------------+---------------+------------+----------------+
; Module Name             ; Machine Hostname ; OS Name       ; OS Version ; Processor type ;
+-------------------------+------------------+---------------+------------+----------------+
; Analysis & Synthesis    ; 722-4            ; Windows Vista ; 6.1        ; x86_64         ;
; Fitter                  ; 722-4            ; Windows Vista ; 6.1        ; x86_64         ;
; Assembler               ; 722-4            ; Windows Vista ; 6.1        ; x86_64         ;
; Classic Timing Analyzer ; 722-4            ; Windows Vista ; 6.1        ; x86_64         ;
+-------------------------+------------------+---------------+------------+----------------+


------------
; Flow Log ;
------------
quartus_map --read_settings_files=on --write_settings_files=off pill -c pill
quartus_fit --read_settings_files=off --write_settings_files=off pill -c pill
quartus_asm --read_settings_files=off --write_settings_files=off pill -c pill
quartus_tan --read_settings_files=off --write_settings_files=off pill -c pill



