Analysis & Synthesis report for pill
Thu May 25 10:40:00 2023
Quartus II Version 9.1 Build 222 10/21/2009 SJ Full Version


---------------------
; Table of Contents ;
---------------------
  1. Legal Notice
  2. Analysis & Synthesis Summary
  3. Analysis & Synthesis Settings
  4. Parallel Compilation
  5. Analysis & Synthesis Source Files Read
  6. Analysis & Synthesis Resource Usage Summary
  7. Analysis & Synthesis Resource Utilization by Entity
  8. Source assignments for per_bottle:u4|lpm_counter:pills_l_rtl_0
  9. Source assignments for per_bottle:u3|lpm_counter:pills_l_rtl_1
 10. Source assignments for total_pills:u2|lpm_counter:ten_rtl_2
 11. Source assignments for per_bottle:u3|lpm_counter:pills_h_rtl_3
 12. Source assignments for per_bottle:u4|lpm_counter:pills_h_rtl_4
 13. Parameter Settings for Inferred Entity Instance: per_bottle:u4|lpm_counter:pills_l_rtl_0
 14. Parameter Settings for Inferred Entity Instance: per_bottle:u3|lpm_counter:pills_l_rtl_1
 15. Parameter Settings for Inferred Entity Instance: total_pills:u2|lpm_counter:ten_rtl_2
 16. Parameter Settings for Inferred Entity Instance: per_bottle:u3|lpm_counter:pills_h_rtl_3
 17. Parameter Settings for Inferred Entity Instance: per_bottle:u4|lpm_counter:pills_h_rtl_4
 18. Port Connectivity Checks: "control:u1"
 19. Analysis & Synthesis Messages



----------------
; Legal Notice ;
----------------
Copyright (C) 1991-2009 Altera Corporation
Your use of Altera Corporation's design tools, logic functions 
and other software and tools, and its AMPP partner logic 
functions, and any output files from any of the foregoing 
(including device programming or simulation files), and any 
associated documentation or information are expressly subject 
to the terms and conditions of the Altera Program License 
Subscription Agreement, Altera MegaCore Function License 
Agreement, or other applicable license agreement, including, 
without limitation, that your use is for the sole purpose of 
programming logic devices manufactured by Altera and sold by 
Altera or its authorized distributors.  Please refer to the 
applicable agreement for further details.



+------------------------------------------------------------------------+
; Analysis & Synthesis Summary                                           ;
+-----------------------------+------------------------------------------+
; Analysis & Synthesis Status ; Successful - Thu May 25 10:40:00 2023    ;
; Quartus II Version          ; 9.1 Build 222 10/21/2009 SJ Full Version ;
; Revision Name               ; pill                                     ;
; Top-level Entity Name       ; pill                                     ;
; Family                      ; MAX7000S                                 ;
; Total macrocells            ; 99                                       ;
; Total pins                  ; 38                                       ;
+-----------------------------+------------------------------------------+


+--------------------------------------------------------------------------------------------------------------+
; Analysis & Synthesis Settings                                                                                ;
+----------------------------------------------------------------------------+-----------------+---------------+
; Option                                                                     ; Setting         ; Default Value ;
+----------------------------------------------------------------------------+-----------------+---------------+
; Device                                                                     ; EPM7128SLC84-15 ;               ;
; Top-level entity name                                                      ; pill            ; pill          ;
; Family name                                                                ; MAX7000S        ; Stratix II    ;
; Use Generated Physical Constraints File                                    ; Off             ;               ;
; Use smart compilation                                                      ; Off             ; Off           ;
; Enable parallel Assembler and TimeQuest Timing Analyzer during compilation ; On              ; On            ;
; Enable compact report table                                                ; Off             ; Off           ;
; Create Debugging Nodes for IP Cores                                        ; Off             ; Off           ;
; Preserve fewer node names                                                  ; On              ; On            ;
; Disable OpenCore Plus hardware evaluation                                  ; Off             ; Off           ;
; Verilog Version                                                            ; Verilog_2001    ; Verilog_2001  ;
; VHDL Version                                                               ; VHDL_1993       ; VHDL_1993     ;
; State Machine Processing                                                   ; Auto            ; Auto          ;
; Safe State Machine                                                         ; Off             ; Off           ;
; Extract Verilog State Machines                                             ; On              ; On            ;
; Extract VHDL State Machines                                                ; On              ; On            ;
; Ignore Verilog initial constructs                                          ; Off             ; Off           ;
; Iteration limit for constant Verilog loops                                 ; 5000            ; 5000          ;
; Iteration limit for non-constant Verilog loops                             ; 250             ; 250           ;
; Add Pass-Through Logic to Inferred RAMs                                    ; On              ; On            ;
; Parallel Synthesis                                                         ; Off             ; Off           ;
; NOT Gate Push-Back                                                         ; On              ; On            ;
; Power-Up Don't Care                                                        ; On              ; On            ;
; Remove Duplicate Registers                                                 ; On              ; On            ;
; Ignore CARRY Buffers                                                       ; Off             ; Off           ;
; Ignore CASCADE Buffers                                                     ; Off             ; Off           ;
; Ignore GLOBAL Buffers                                                      ; Off             ; Off           ;
; Ignore ROW GLOBAL Buffers                                                  ; Off             ; Off           ;
; Ignore LCELL Buffers                                                       ; Auto            ; Auto          ;
; Ignore SOFT Buffers                                                        ; Off             ; Off           ;
; Limit AHDL Integers to 32 Bits                                             ; Off             ; Off           ;
; Optimization Technique                                                     ; Speed           ; Speed         ;
; Allow XOR Gate Usage                                                       ; On              ; On            ;
; Auto Logic Cell Insertion                                                  ; On              ; On            ;
; Parallel Expander Chain Length                                             ; 4               ; 4             ;
; Auto Parallel Expanders                                                    ; On              ; On            ;
; Auto Open-Drain Pins                                                       ; On              ; On            ;
; Auto Resource Sharing                                                      ; Off             ; Off           ;
; Maximum Fan-in Per Macrocell                                               ; 100             ; 100           ;
; Use LogicLock Constraints during Resource Balancing                        ; On              ; On            ;
; Ignore translate_off and synthesis_off directives                          ; Off             ; Off           ;
; Show Parameter Settings Tables in Synthesis Report                         ; On              ; On            ;
; HDL message level                                                          ; Level2          ; Level2        ;
; Suppress Register Optimization Related Messages                            ; Off             ; Off           ;
; Number of Removed Registers Reported in Synthesis Report                   ; 100             ; 100           ;
; Number of Inverted Registers Reported in Synthesis Report                  ; 100             ; 100           ;
; Block Design Naming                                                        ; Auto            ; Auto          ;
; Synthesis Effort                                                           ; Auto            ; Auto          ;
; Shift Register Replacement - Allow Asynchronous Clear Signal               ; On              ; On            ;
; Analysis & Synthesis Message Level                                         ; Medium          ; Medium        ;
; Disable Register Merging Across Hierarchies                                ; Auto            ; Auto          ;
+----------------------------------------------------------------------------+-----------------+---------------+


+------------------------------------------+
; Parallel Compilation                     ;
+----------------------------+-------------+
; Processors                 ; Number      ;
+----------------------------+-------------+
; Number detected on machine ; 4           ;
; Maximum allowed            ; 4           ;
;                            ;             ;
; Average used               ; 1.00        ;
; Maximum used               ; 1           ;
;                            ;             ;
; Usage by Processor         ; % Time Used ;
;     1 processor            ; 100.0%      ;
;     2-4 processors         ;   0.0%      ;
+----------------------------+-------------+


+-------------------------------------------------------------------------------------------------------------------------------------------+
; Analysis & Synthesis Source Files Read                                                                                                    ;
+----------------------------------+-----------------+-----------------------+--------------------------------------------------------------+
; File Name with User-Entered Path ; Used in Netlist ; File Type             ; File Name with Absolute Path                                 ;
+----------------------------------+-----------------+-----------------------+--------------------------------------------------------------+
; total_pills.vhd                  ; yes             ; User VHDL File        ; C:/Users/Administrator/Desktop/pill_final/total_pills.vhd    ;
; display.vhd                      ; yes             ; User VHDL File        ; C:/Users/Administrator/Desktop/pill_final/display.vhd        ;
; per_bottle.vhd                   ; yes             ; User VHDL File        ; C:/Users/Administrator/Desktop/pill_final/per_bottle.vhd     ;
; control.vhd                      ; yes             ; User VHDL File        ; C:/Users/Administrator/Desktop/pill_final/control.vhd        ;
; pill.vhd                         ; yes             ; Auto-Found VHDL File  ; C:/Users/Administrator/Desktop/pill_final/pill.vhd           ;
; lpm_counter.tdf                  ; yes             ; Megafunction          ; c:/altera/91/quartus/libraries/megafunctions/lpm_counter.tdf ;
+----------------------------------+-----------------+-----------------------+--------------------------------------------------------------+


+---------------------------------------------+
; Analysis & Synthesis Resource Usage Summary ;
+----------------------+----------------------+
; Resource             ; Usage                ;
+----------------------+----------------------+
; Logic cells          ; 99                   ;
; Total registers      ; 44                   ;
; I/O pins             ; 38                   ;
; Shareable expanders  ; 45                   ;
; Parallel expanders   ; 23                   ;
; Maximum fan-out node ; mode[0]              ;
; Maximum fan-out      ; 95                   ;
; Total fan-out        ; 1131                 ;
; Average fan-out      ; 6.21                 ;
+----------------------+----------------------+


+----------------------------------------------------------------------------------------------------------------------+
; Analysis & Synthesis Resource Utilization by Entity                                                                  ;
+-----------------------------------+------------+------+-----------------------------------------------+--------------+
; Compilation Hierarchy Node        ; Macrocells ; Pins ; Full Hierarchy Name                           ; Library Name ;
+-----------------------------------+------------+------+-----------------------------------------------+--------------+
; |pill                             ; 99         ; 38   ; |pill                                         ; work         ;
;    |control:u1|                   ; 4          ; 0    ; |pill|control:u1                              ; work         ;
;    |display:u5|                   ; 11         ; 0    ; |pill|display:u5                              ; work         ;
;    |per_bottle:u3|                ; 24         ; 0    ; |pill|per_bottle:u3                           ; work         ;
;       |lpm_counter:pills_h_rtl_3| ; 4          ; 0    ; |pill|per_bottle:u3|lpm_counter:pills_h_rtl_3 ; work         ;
;       |lpm_counter:pills_l_rtl_1| ; 7          ; 0    ; |pill|per_bottle:u3|lpm_counter:pills_l_rtl_1 ; work         ;
;    |per_bottle:u4|                ; 42         ; 0    ; |pill|per_bottle:u4                           ; work         ;
;       |lpm_counter:pills_h_rtl_4| ; 4          ; 0    ; |pill|per_bottle:u4|lpm_counter:pills_h_rtl_4 ; work         ;
;       |lpm_counter:pills_l_rtl_0| ; 6          ; 0    ; |pill|per_bottle:u4|lpm_counter:pills_l_rtl_0 ; work         ;
;    |total_pills:u2|               ; 14         ; 0    ; |pill|total_pills:u2                          ; work         ;
;       |lpm_counter:ten_rtl_2|     ; 4          ; 0    ; |pill|total_pills:u2|lpm_counter:ten_rtl_2    ; work         ;
+-----------------------------------+------------+------+-----------------------------------------------+--------------+


+----------------------------------------------------------------+
; Source assignments for per_bottle:u4|lpm_counter:pills_l_rtl_0 ;
+---------------------------+-------+------+---------------------+
; Assignment                ; Value ; From ; To                  ;
+---------------------------+-------+------+---------------------+
; SUPPRESS_DA_RULE_INTERNAL ; a101  ; -    ; -                   ;
; SUPPRESS_DA_RULE_INTERNAL ; s102  ; -    ; -                   ;
; SUPPRESS_DA_RULE_INTERNAL ; s103  ; -    ; -                   ;
+---------------------------+-------+------+---------------------+


+----------------------------------------------------------------+
; Source assignments for per_bottle:u3|lpm_counter:pills_l_rtl_1 ;
+---------------------------+-------+------+---------------------+
; Assignment                ; Value ; From ; To                  ;
+---------------------------+-------+------+---------------------+
; SUPPRESS_DA_RULE_INTERNAL ; a101  ; -    ; -                   ;
; SUPPRESS_DA_RULE_INTERNAL ; s102  ; -    ; -                   ;
; SUPPRESS_DA_RULE_INTERNAL ; s103  ; -    ; -                   ;
+---------------------------+-------+------+---------------------+


+-------------------------------------------------------------+
; Source assignments for total_pills:u2|lpm_counter:ten_rtl_2 ;
+---------------------------+-------+------+------------------+
; Assignment                ; Value ; From ; To               ;
+---------------------------+-------+------+------------------+
; SUPPRESS_DA_RULE_INTERNAL ; a101  ; -    ; -                ;
; SUPPRESS_DA_RULE_INTERNAL ; s102  ; -    ; -                ;
; SUPPRESS_DA_RULE_INTERNAL ; s103  ; -    ; -                ;
+---------------------------+-------+------+------------------+


+----------------------------------------------------------------+
; Source assignments for per_bottle:u3|lpm_counter:pills_h_rtl_3 ;
+---------------------------+-------+------+---------------------+
; Assignment                ; Value ; From ; To                  ;
+---------------------------+-------+------+---------------------+
; SUPPRESS_DA_RULE_INTERNAL ; a101  ; -    ; -                   ;
; SUPPRESS_DA_RULE_INTERNAL ; s102  ; -    ; -                   ;
; SUPPRESS_DA_RULE_INTERNAL ; s103  ; -    ; -                   ;
+---------------------------+-------+------+---------------------+


+----------------------------------------------------------------+
; Source assignments for per_bottle:u4|lpm_counter:pills_h_rtl_4 ;
+---------------------------+-------+------+---------------------+
; Assignment                ; Value ; From ; To                  ;
+---------------------------+-------+------+---------------------+
; SUPPRESS_DA_RULE_INTERNAL ; a101  ; -    ; -                   ;
; SUPPRESS_DA_RULE_INTERNAL ; s102  ; -    ; -                   ;
; SUPPRESS_DA_RULE_INTERNAL ; s103  ; -    ; -                   ;
+---------------------------+-------+------+---------------------+


+------------------------------------------------------------------------------------------+
; Parameter Settings for Inferred Entity Instance: per_bottle:u4|lpm_counter:pills_l_rtl_0 ;
+------------------------+-------------------+---------------------------------------------+
; Parameter Name         ; Value             ; Type                                        ;
+------------------------+-------------------+---------------------------------------------+
; AUTO_CARRY_CHAINS      ; ON                ; AUTO_CARRY                                  ;
; IGNORE_CARRY_BUFFERS   ; OFF               ; IGNORE_CARRY                                ;
; AUTO_CASCADE_CHAINS    ; ON                ; AUTO_CASCADE                                ;
; IGNORE_CASCADE_BUFFERS ; OFF               ; IGNORE_CASCADE                              ;
; LPM_WIDTH              ; 4                 ; Untyped                                     ;
; LPM_DIRECTION          ; UP                ; Untyped                                     ;
; LPM_MODULUS            ; 0                 ; Untyped                                     ;
; LPM_AVALUE             ; UNUSED            ; Untyped                                     ;
; LPM_SVALUE             ; UNUSED            ; Untyped                                     ;
; LPM_PORT_UPDOWN        ; PORT_CONNECTIVITY ; Untyped                                     ;
; DEVICE_FAMILY          ; MAX7000S          ; Untyped                                     ;
; CARRY_CHAIN            ; MANUAL            ; Untyped                                     ;
; CARRY_CHAIN_LENGTH     ; 48                ; CARRY_CHAIN_LENGTH                          ;
; NOT_GATE_PUSH_BACK     ; ON                ; NOT_GATE_PUSH_BACK                          ;
; CARRY_CNT_EN           ; SMART             ; Untyped                                     ;
; LABWIDE_SCLR           ; ON                ; Untyped                                     ;
; USE_NEW_VERSION        ; TRUE              ; Untyped                                     ;
; CBXI_PARAMETER         ; NOTHING           ; Untyped                                     ;
+------------------------+-------------------+---------------------------------------------+
Note: In order to hide this table in the UI and the text report file, please set the "Show Parameter Settings Tables in Synthesis Report" option in "Analysis and Synthesis Settings -> More Settings" to "Off".


+------------------------------------------------------------------------------------------+
; Parameter Settings for Inferred Entity Instance: per_bottle:u3|lpm_counter:pills_l_rtl_1 ;
+------------------------+-------------------+---------------------------------------------+
; Parameter Name         ; Value             ; Type                                        ;
+------------------------+-------------------+---------------------------------------------+
; AUTO_CARRY_CHAINS      ; ON                ; AUTO_CARRY                                  ;
; IGNORE_CARRY_BUFFERS   ; OFF               ; IGNORE_CARRY                                ;
; AUTO_CASCADE_CHAINS    ; ON                ; AUTO_CASCADE                                ;
; IGNORE_CASCADE_BUFFERS ; OFF               ; IGNORE_CASCADE                              ;
; LPM_WIDTH              ; 4                 ; Untyped                                     ;
; LPM_DIRECTION          ; UP                ; Untyped                                     ;
; LPM_MODULUS            ; 0                 ; Untyped                                     ;
; LPM_AVALUE             ; UNUSED            ; Untyped                                     ;
; LPM_SVALUE             ; UNUSED            ; Untyped                                     ;
; LPM_PORT_UPDOWN        ; PORT_CONNECTIVITY ; Untyped                                     ;
; DEVICE_FAMILY          ; MAX7000S          ; Untyped                                     ;
; CARRY_CHAIN            ; MANUAL            ; Untyped                                     ;
; CARRY_CHAIN_LENGTH     ; 48                ; CARRY_CHAIN_LENGTH                          ;
; NOT_GATE_PUSH_BACK     ; ON                ; NOT_GATE_PUSH_BACK                          ;
; CARRY_CNT_EN           ; SMART             ; Untyped                                     ;
; LABWIDE_SCLR           ; ON                ; Untyped                                     ;
; USE_NEW_VERSION        ; TRUE              ; Untyped                                     ;
; CBXI_PARAMETER         ; NOTHING           ; Untyped                                     ;
+------------------------+-------------------+---------------------------------------------+
Note: In order to hide this table in the UI and the text report file, please set the "Show Parameter Settings Tables in Synthesis Report" option in "Analysis and Synthesis Settings -> More Settings" to "Off".


+---------------------------------------------------------------------------------------+
; Parameter Settings for Inferred Entity Instance: total_pills:u2|lpm_counter:ten_rtl_2 ;
+------------------------+-------------------+------------------------------------------+
; Parameter Name         ; Value             ; Type                                     ;
+------------------------+-------------------+------------------------------------------+
; AUTO_CARRY_CHAINS      ; ON                ; AUTO_CARRY                               ;
; IGNORE_CARRY_BUFFERS   ; OFF               ; IGNORE_CARRY                             ;
; AUTO_CASCADE_CHAINS    ; ON                ; AUTO_CASCADE                             ;
; IGNORE_CASCADE_BUFFERS ; OFF               ; IGNORE_CASCADE                           ;
; LPM_WIDTH              ; 4                 ; Untyped                                  ;
; LPM_DIRECTION          ; UP                ; Untyped                                  ;
; LPM_MODULUS            ; 0                 ; Untyped                                  ;
; LPM_AVALUE             ; UNUSED            ; Untyped                                  ;
; LPM_SVALUE             ; UNUSED            ; Untyped                                  ;
; LPM_PORT_UPDOWN        ; PORT_CONNECTIVITY ; Untyped                                  ;
; DEVICE_FAMILY          ; MAX7000S          ; Untyped                                  ;
; CARRY_CHAIN            ; MANUAL            ; Untyped                                  ;
; CARRY_CHAIN_LENGTH     ; 48                ; CARRY_CHAIN_LENGTH                       ;
; NOT_GATE_PUSH_BACK     ; ON                ; NOT_GATE_PUSH_BACK                       ;
; CARRY_CNT_EN           ; SMART             ; Untyped                                  ;
; LABWIDE_SCLR           ; ON                ; Untyped                                  ;
; USE_NEW_VERSION        ; TRUE              ; Untyped                                  ;
; CBXI_PARAMETER         ; NOTHING           ; Untyped                                  ;
+------------------------+-------------------+------------------------------------------+
Note: In order to hide this table in the UI and the text report file, please set the "Show Parameter Settings Tables in Synthesis Report" option in "Analysis and Synthesis Settings -> More Settings" to "Off".


+------------------------------------------------------------------------------------------+
; Parameter Settings for Inferred Entity Instance: per_bottle:u3|lpm_counter:pills_h_rtl_3 ;
+------------------------+-------------------+---------------------------------------------+
; Parameter Name         ; Value             ; Type                                        ;
+------------------------+-------------------+---------------------------------------------+
; AUTO_CARRY_CHAINS      ; ON                ; AUTO_CARRY                                  ;
; IGNORE_CARRY_BUFFERS   ; OFF               ; IGNORE_CARRY                                ;
; AUTO_CASCADE_CHAINS    ; ON                ; AUTO_CASCADE                                ;
; IGNORE_CASCADE_BUFFERS ; OFF               ; IGNORE_CASCADE                              ;
; LPM_WIDTH              ; 4                 ; Untyped                                     ;
; LPM_DIRECTION          ; UP                ; Untyped                                     ;
; LPM_MODULUS            ; 0                 ; Untyped                                     ;
; LPM_AVALUE             ; UNUSED            ; Untyped                                     ;
; LPM_SVALUE             ; UNUSED            ; Untyped                                     ;
; LPM_PORT_UPDOWN        ; PORT_CONNECTIVITY ; Untyped                                     ;
; DEVICE_FAMILY          ; MAX7000S          ; Untyped                                     ;
; CARRY_CHAIN            ; MANUAL            ; Untyped                                     ;
; CARRY_CHAIN_LENGTH     ; 48                ; CARRY_CHAIN_LENGTH                          ;
; NOT_GATE_PUSH_BACK     ; ON                ; NOT_GATE_PUSH_BACK                          ;
; CARRY_CNT_EN           ; SMART             ; Untyped                                     ;
; LABWIDE_SCLR           ; ON                ; Untyped                                     ;
; USE_NEW_VERSION        ; TRUE              ; Untyped                                     ;
; CBXI_PARAMETER         ; NOTHING           ; Untyped                                     ;
+------------------------+-------------------+---------------------------------------------+
Note: In order to hide this table in the UI and the text report file, please set the "Show Parameter Settings Tables in Synthesis Report" option in "Analysis and Synthesis Settings -> More Settings" to "Off".


+------------------------------------------------------------------------------------------+
; Parameter Settings for Inferred Entity Instance: per_bottle:u4|lpm_counter:pills_h_rtl_4 ;
+------------------------+-------------------+---------------------------------------------+
; Parameter Name         ; Value             ; Type                                        ;
+------------------------+-------------------+---------------------------------------------+
; AUTO_CARRY_CHAINS      ; ON                ; AUTO_CARRY                                  ;
; IGNORE_CARRY_BUFFERS   ; OFF               ; IGNORE_CARRY                                ;
; AUTO_CASCADE_CHAINS    ; ON                ; AUTO_CASCADE                                ;
; IGNORE_CASCADE_BUFFERS ; OFF               ; IGNORE_CASCADE                              ;
; LPM_WIDTH              ; 4                 ; Untyped                                     ;
; LPM_DIRECTION          ; UP                ; Untyped                                     ;
; LPM_MODULUS            ; 0                 ; Untyped                                     ;
; LPM_AVALUE             ; UNUSED            ; Untyped                                     ;
; LPM_SVALUE             ; UNUSED            ; Untyped                                     ;
; LPM_PORT_UPDOWN        ; PORT_CONNECTIVITY ; Untyped                                     ;
; DEVICE_FAMILY          ; MAX7000S          ; Untyped                                     ;
; CARRY_CHAIN            ; MANUAL            ; Untyped                                     ;
; CARRY_CHAIN_LENGTH     ; 48                ; CARRY_CHAIN_LENGTH                          ;
; NOT_GATE_PUSH_BACK     ; ON                ; NOT_GATE_PUSH_BACK                          ;
; CARRY_CNT_EN           ; SMART             ; Untyped                                     ;
; LABWIDE_SCLR           ; ON                ; Untyped                                     ;
; USE_NEW_VERSION        ; TRUE              ; Untyped                                     ;
; CBXI_PARAMETER         ; NOTHING           ; Untyped                                     ;
+------------------------+-------------------+---------------------------------------------+
Note: In order to hide this table in the UI and the text report file, please set the "Show Parameter Settings Tables in Synthesis Report" option in "Analysis and Synthesis Settings -> More Settings" to "Off".


+-----------------------------------------------------------------------------------------------------------------+
; Port Connectivity Checks: "control:u1"                                                                          ;
+-------+--------+----------+-------------------------------------------------------------------------------------+
; Port  ; Type   ; Severity ; Details                                                                             ;
+-------+--------+----------+-------------------------------------------------------------------------------------+
; en[2] ; Output ; Info     ; Connected to dangling logic. Logic that only feeds a dangling port will be removed. ;
+-------+--------+----------+-------------------------------------------------------------------------------------+


+-------------------------------+
; Analysis & Synthesis Messages ;
+-------------------------------+
Info: *******************************************************************
Info: Running Quartus II Analysis & Synthesis
    Info: Version 9.1 Build 222 10/21/2009 SJ Full Version
    Info: Processing started: Thu May 25 10:39:57 2023
Info: Command: quartus_map --read_settings_files=on --write_settings_files=off pill -c pill
Info: Parallel compilation is enabled and will use 4 of the 4 processors detected
Info: Found 2 design units, including 1 entities, in source file total_pills.vhd
    Info: Found design unit 1: total_pills-fun
    Info: Found entity 1: total_pills
Info: Found 2 design units, including 1 entities, in source file display.vhd
    Info: Found design unit 1: display-ar
    Info: Found entity 1: display
Info: Found 2 design units, including 1 entities, in source file per_bottle.vhd
    Info: Found design unit 1: per_bottle-func
    Info: Found entity 1: per_bottle
Info: Found 2 design units, including 1 entities, in source file control.vhd
    Info: Found design unit 1: control-func
    Info: Found entity 1: control
Warning: Using design file pill.vhd, which is not specified as a design file for the current project, but contains definitions for 2 design units and 1 entities in project
    Info: Found design unit 1: pill-func
    Info: Found entity 1: pill
Info: Elaborating entity "pill" for the top level hierarchy
Info: Elaborating entity "control" for hierarchy "control:u1"
Warning (10492): VHDL Process Statement warning at control.vhd(47): signal "cp" is read inside the Process Statement but isn't in the Process Statement's sensitivity list
Info: Elaborating entity "total_pills" for hierarchy "total_pills:u2"
Info: Elaborating entity "per_bottle" for hierarchy "per_bottle:u3"
Warning (10492): VHDL Process Statement warning at per_bottle.vhd(52): signal "max_value" is read inside the Process Statement but isn't in the Process Statement's sensitivity list
Info: Elaborating entity "display" for hierarchy "display:u5"
Info: Inferred 5 megafunctions from design logic
    Info: Inferred lpm_counter megafunction (LPM_WIDTH=4) from the following logic: "per_bottle:u4|pills_l[0]~0"
    Info: Inferred lpm_counter megafunction (LPM_WIDTH=4) from the following logic: "per_bottle:u3|pills_l[0]~0"
    Info: Inferred lpm_counter megafunction (LPM_WIDTH=4) from the following logic: "total_pills:u2|ten[0]~0"
    Info: Inferred lpm_counter megafunction (LPM_WIDTH=4) from the following logic: "per_bottle:u3|pills_h[0]~0"
    Info: Inferred lpm_counter megafunction (LPM_WIDTH=4) from the following logic: "per_bottle:u4|pills_h[0]~0"
Info: Elaborated megafunction instantiation "per_bottle:u4|lpm_counter:pills_l_rtl_0"
Info: Instantiated megafunction "per_bottle:u4|lpm_counter:pills_l_rtl_0" with the following parameter:
    Info: Parameter "LPM_WIDTH" = "4"
    Info: Parameter "LPM_DIRECTION" = "UP"
    Info: Parameter "LPM_TYPE" = "LPM_COUNTER"
Info: Elaborated megafunction instantiation "total_pills:u2|lpm_counter:ten_rtl_2"
Info: Instantiated megafunction "total_pills:u2|lpm_counter:ten_rtl_2" with the following parameter:
    Info: Parameter "LPM_WIDTH" = "4"
    Info: Parameter "LPM_DIRECTION" = "UP"
    Info: Parameter "LPM_TYPE" = "LPM_COUNTER"
Warning: Tri-state node(s) do not directly drive top-level pin(s)
    Warning: Converted the fan-out from the tri-state buffer "per_bottle:u3|led[4]" to the node "display:u5|led[4]" into an OR gate
    Warning: Converted the fan-out from the tri-state buffer "per_bottle:u3|led[5]" to the node "display:u5|led[5]" into an OR gate
    Warning: Converted the fan-out from the tri-state buffer "per_bottle:u3|led[6]" to the node "display:u5|led[6]" into an OR gate
    Warning: Converted the fan-out from the tri-state buffer "per_bottle:u3|led[7]" to the node "display:u5|led[7]" into an OR gate
Info: Implemented 182 device resources after synthesis - the final resource count might be different
    Info: Implemented 15 input pins
    Info: Implemented 23 output pins
    Info: Implemented 99 macrocells
    Info: Implemented 45 shareable expanders
Info: Quartus II Analysis & Synthesis was successful. 0 errors, 8 warnings
    Info: Peak virtual memory: 229 megabytes
    Info: Processing ended: Thu May 25 10:40:00 2023
    Info: Elapsed time: 00:00:03
    Info: Total CPU time (on all processors): 00:00:02


