Flow report for clock_24
Fri May 26 16:52:04 2023
Quartus II Version 9.1 Build 222 10/21/2009 SJ Full Version


---------------------
; Table of Contents ;
---------------------
  1. Legal Notice
  2. Flow Summary
  3. Flow Settings
  4. Flow Non-Default Global Settings
  5. Flow Elapsed Time
  6. Flow OS Summary
  7. Flow Log



----------------
; Legal Notice ;
----------------
Copyright (C) 1991-2009 Altera Corporation
Your use of Altera Corporation's design tools, logic functions 
and other software and tools, and its AMPP partner logic 
functions, and any output files from any of the foregoing 
(including device programming or simulation files), and any 
associated documentation or information are expressly subject 
to the terms and conditions of the Altera Program License 
Subscription Agreement, Altera MegaCore Function License 
Agreement, or other applicable license agreement, including, 
without limitation, that your use is for the sole purpose of 
programming logic devices manufactured by Altera and sold by 
Altera or its authorized distributors.  Please refer to the 
applicable agreement for further details.



+--------------------------------------------------------------------+
; Flow Summary                                                       ;
+-------------------------+------------------------------------------+
; Flow Status             ; Successful - Fri May 26 16:52:04 2023    ;
; Quartus II Version      ; 9.1 Build 222 10/21/2009 SJ Full Version ;
; Revision Name           ; clock_24                                 ;
; Top-level Entity Name   ; clock_24                                 ;
; Family                  ; MAX7000S                                 ;
; Device                  ; EPM7128SLC84-15                          ;
; Timing Models           ; Final                                    ;
; Met timing requirements ; No                                       ;
; Total macrocells        ; 123 / 128 ( 96 % )                       ;
; Total pins              ; 47 / 68 ( 69 % )                         ;
+-------------------------+------------------------------------------+


+-----------------------------------------+
; Flow Settings                           ;
+-------------------+---------------------+
; Option            ; Setting             ;
+-------------------+---------------------+
; Start date & time ; 05/26/2023 16:52:00 ;
; Main task         ; Compilation         ;
; Revision Name     ; clock_24            ;
+-------------------+---------------------+


+---------------------------------------------------------------------------------------------------------------------------------------------------------+
; Flow Non-Default Global Settings                                                                                                                        ;
+------------------------------------+---------------------------------------------------------------------+---------------+-------------+----------------+
; Assignment Name                    ; Value                                                               ; Default Value ; Entity Name ; Section Id     ;
+------------------------------------+---------------------------------------------------------------------+---------------+-------------+----------------+
; COMPILER_SIGNATURE_ID              ; 2200299517014.168509112004816                                       ; --            ; --          ; --             ;
; MAX_CORE_JUNCTION_TEMP             ; 85                                                                  ; --            ; --          ; --             ;
; MIN_CORE_JUNCTION_TEMP             ; 0                                                                   ; --            ; --          ; --             ;
; MISC_FILE                          ; C:/altera/90sp2/quartus/clock_24/clock/clock_24.dpf                 ; --            ; --          ; --             ;
; MISC_FILE                          ; D:/Users/SteveZL/Desktop/clock_24/clock/clock_24.dpf                ; --            ; --          ; --             ;
; MISC_FILE                          ; C:/Users/Administrator/Desktop/clock_24 - 副本/clock/clock_24.dpf   ; --            ; --          ; --             ;
; MISC_FILE                          ; C:/Users/Administrator/Desktop/clock_24 - 实验室/clock/clock_24.dpf ; --            ; --          ; --             ;
; USE_GENERATED_PHYSICAL_CONSTRAINTS ; Off                                                                 ; --            ; --          ; eda_blast_fpga ;
+------------------------------------+---------------------------------------------------------------------+---------------+-------------+----------------+


+-----------------------------------------------------------------------------------------------------------------------------+
; Flow Elapsed Time                                                                                                           ;
+-------------------------+--------------+-------------------------+---------------------+------------------------------------+
; Module Name             ; Elapsed Time ; Average Processors Used ; Peak Virtual Memory ; Total CPU Time (on all processors) ;
+-------------------------+--------------+-------------------------+---------------------+------------------------------------+
; Analysis & Synthesis    ; 00:00:02     ; 1.0                     ; 232 MB              ; 00:00:02                           ;
; Fitter                  ; 00:00:01     ; 1.0                     ; 184 MB              ; 00:00:00                           ;
; Assembler               ; 00:00:01     ; 1.0                     ; 185 MB              ; 00:00:00                           ;
; Classic Timing Analyzer ; 00:00:00     ; 1.0                     ; 159 MB              ; 00:00:00                           ;
; Total                   ; 00:00:04     ; --                      ; --                  ; 00:00:02                           ;
+-------------------------+--------------+-------------------------+---------------------+------------------------------------+


+------------------------------------------------------------------------------------------+
; Flow OS Summary                                                                          ;
+-------------------------+------------------+---------------+------------+----------------+
; Module Name             ; Machine Hostname ; OS Name       ; OS Version ; Processor type ;
+-------------------------+------------------+---------------+------------+----------------+
; Analysis & Synthesis    ; 722-35           ; Windows Vista ; 6.1        ; x86_64         ;
; Fitter                  ; 722-35           ; Windows Vista ; 6.1        ; x86_64         ;
; Assembler               ; 722-35           ; Windows Vista ; 6.1        ; x86_64         ;
; Classic Timing Analyzer ; 722-35           ; Windows Vista ; 6.1        ; x86_64         ;
+-------------------------+------------------+---------------+------------+----------------+


------------
; Flow Log ;
------------
quartus_map --read_settings_files=on --write_settings_files=off clock_24 -c clock_24
quartus_fit --read_settings_files=off --write_settings_files=off clock_24 -c clock_24
quartus_asm --read_settings_files=off --write_settings_files=off clock_24 -c clock_24
quartus_tan --read_settings_files=off --write_settings_files=off clock_24 -c clock_24



